*** PF INFO ***
Time: Mon Mar 18 20:08:36 2024
System: E:/ryan/Documents/RobotStudio/Projects/Capstone/Virtual Controllers/CRB15000_5_95
RobotWare: 7.12.0
RobotControl: 7.12.0
Shutdown type: 1 mode: 1 reason: 1
Image lost in previous shutdown: no
Restart counter: 0
CFG counter value: 7267
Unfinished crit sec: 0

*** PF INFO ***
Time: Mon Mar 18 22:06:14 2024
System: E:/ryan/Documents/RobotStudio/Projects/Capstone/Virtual Controllers/CRB15000_5_95
RobotWare: 7.12.0
RobotControl: 7.12.0
Shutdown type: 1 mode: 1 reason: 1
Image lost in previous shutdown: no
Restart counter: 1
CFG counter value: 7522
Unfinished crit sec: 0

*** PF INFO ***
Time: Mon Mar 25 10:16:56 2024
System: E:/ryan/Documents/RobotStudio/Projects/Capstone/Virtual Controllers/CRB15000_5_95
RobotWare: 7.12.0
RobotControl: 7.12.0
Shutdown type: 1 mode: 1 reason: 1
Image lost in previous shutdown: no
Restart counter: 2
CFG counter value: 7610
Unfinished crit sec: 0

*** PF INFO ***
Time: Mon Mar 25 10:19:27 2024
System: E:/ryan/Documents/workspace/python/capstone/robot/Virtual Controllers/CRB15000_5_95
RobotWare: 7.12.0
RobotControl: 7.12.0
Shutdown type: 1 mode: 1 reason: 1
Image lost in previous shutdown: no
Restart counter: 0
CFG counter value: 7267
Unfinished crit sec: 0

*** PF INFO ***
Time: Mon Mar 25 10:19:38 2024
System: E:/ryan/Documents/workspace/python/capstone/robot/Virtual Controllers/CRB15000_5_95
RobotWare: 7.12.0
RobotControl: 7.12.0
Shutdown type: 1 mode: 1 reason: 1
Image lost in previous shutdown: no
Restart counter: 1
CFG counter value: 8005
Unfinished crit sec: 0

*** PF INFO ***
Time: Mon Mar 25 10:19:51 2024
System: E:/ryan/Documents/workspace/python/capstone/robot/Virtual Controllers/CRB15000_5_95
RobotWare: 7.12.0
RobotControl: 7.12.0
Shutdown type: 1 mode: 1 reason: 1
Image lost in previous shutdown: no
Restart counter: 2
CFG counter value: 8093
Unfinished crit sec: 0

*** PF INFO ***
Time: Mon Mar 25 10:20:00 2024
System: E:/ryan/Documents/workspace/python/capstone/robot/Virtual Controllers/CRB15000_5_95
RobotWare: 7.12.0
RobotControl: 7.12.0
Shutdown type: 1 mode: 1 reason: 1
Image lost in previous shutdown: no
Restart counter: 3
CFG counter value: 8181
Unfinished crit sec: 0

*** PF INFO ***
Time: Mon Mar 25 11:46:57 2024
System: E:/ryan/Documents/workspace/python/capstone/robot/Virtual Controllers/CRB15000_5_95
RobotWare: 7.12.0
RobotControl: 7.12.0
Shutdown type: 1 mode: 1 reason: 1
Image lost in previous shutdown: no
Restart counter: 4
CFG counter value: 8269
Unfinished crit sec: 0

