#######  Log open at 24-03-18  20:07:49 Eastern Daylight Time -0400 #######
24-03-18  20:07:49	C:\a\6\s\DpManager\DpManagerRWI.cpp,636,[INFO]:	Current RWI versionName: '1.12.0'
24-03-18  20:07:49	C:\a\6\s\DpManager\DpManagerRWI.cpp,647,[INFO]:	Current RWI version detail '1.12.0+123'
24-03-18  20:07:49	C:\a\6\s\Startup\Startup.cpp,778,[INFO]:	Current RWI: 1.12.0+123, 1.12.0, 64-bit
24-03-18  20:07:49	C:\a\5\s\ControllerProperties\ControllerProperties.cpp,172,[WARN]:	Previous controller properties file is not present or cannot be loaded.
24-03-18  20:07:49	C:\a\6\s\Startup\Startup.cpp,795,[INFO]:	Controller Id: 
24-03-18  20:07:49	C:\a\5\s\ControllerProperties\ControllerProperties.cpp,875,[WARN]:	ControllerProperties::GetProperty could not find: controller_name
24-03-18  20:07:49	C:\a\6\s\Startup\Startup.cpp,797,[INFO]:	Controller Name: 
24-03-18  20:07:49	C:\a\6\s\DpManager\DpManagerSysInstall.cpp,854,[INFO]:	Starting SystemInstallImp::InitInstallation()...
24-03-18  20:07:49	C:\a\6\s\DpManager\DpManagerSystemCommon.cpp,1699,[INFO]:	Package version check for HW Platform completed. No problem found. current HWPlatform: vc, required pkg ver = 1 
24-03-18  20:07:49	C:\a\6\s\DpManager\DpManagerSysInstall.cpp,706,[INFO]:	Installation type 3, m_ctrl = '', rootPath = C:\Users\ryan\AppData\Local\Temp\tmp506D.tmp\CRB15000_5_95, systemPath = 'C:\Users\ryan\AppData\Local\Temp\tmp506D.tmp\CRB15000_5_95/Systems/CRB15000_5_95'.
24-03-18  20:07:49	C:\a\6\s\LicenseManager\LicenseManager.cpp,681,[INFO]:	Validate file 'virtual.abb.robotics.robotcontrol.rlf'
24-03-18  20:07:49	C:\a\5\s\ControllerManagerUtility\ControllerManagerUtility.cpp,657,[INFO]:	'C:/Users/ryan/AppData/Local/Temp/tmp506D.tmp/CRB15000_5_95/Licenses/virtual.abb.robotics.robotcontrol.rlf' is not encrypted. 
24-03-18  20:07:49	C:\a\5\s\ControllerManagerUtility\ControllerManagerUtility.cpp,657,[INFO]:	'E:/ryan/Documents/RobotStudio/Projects/Capstone/Virtual Controllers/CRB15000_5_95/internal/temp/INSTALLTEMP/LICENSE/virtual.abb.robotics.robotcontrol.rlf' is not encrypted. 
24-03-18  20:07:49	C:\a\5\s\ControllerManagerUtility\ControllerManagerUtility.cpp,657,[INFO]:	'E:/ryan/Documents/RobotStudio/Projects/Capstone/Virtual Controllers/CRB15000_5_95/internal/temp/INSTALLTEMP/LICENSE/virtual.abb.robotics.robotcontrol.rlf' is not encrypted. 
24-03-18  20:07:49	C:\a\6\s\LicenseManager\LicenseManager.cpp,681,[INFO]:	Validate file 'virtual.abb.robotics.robots.rlf'
24-03-18  20:07:49	C:\a\5\s\ControllerManagerUtility\ControllerManagerUtility.cpp,657,[INFO]:	'E:/ryan/Documents/RobotStudio/Projects/Capstone/Virtual Controllers/CRB15000_5_95/internal/temp/INSTALLTEMP/LICENSE/virtual.abb.robotics.robotcontrol.rlf' is not encrypted. 
24-03-18  20:07:49	C:\a\5\s\ControllerManagerUtility\ControllerManagerUtility.cpp,657,[INFO]:	'E:/ryan/Documents/RobotStudio/Projects/Capstone/Virtual Controllers/CRB15000_5_95/internal/temp/INSTALLTEMP/LICENSE/virtual.abb.robotics.robotcontrol.rlf' is not encrypted. 
24-03-18  20:07:49	C:\a\6\s\LicenseManager\LicenseManager.cpp,681,[INFO]:	Validate file 'virtual.abb.cn.robotics.wizard_1.5.2.rlf'
24-03-18  20:07:49	C:\a\6\s\DpManager\DpManagerSystemCommon.cpp,1305,[INFO]:	Reading content in file path 'C:\Users\ryan\AppData\Local\Temp\tmp506D.tmp\CRB15000_5_95/Systems/CRB15000_5_95/controller.rsf'.
24-03-18  20:07:49	C:\a\6\s\DpManager\DpManagerSysInstall.cpp,1823,[INFO]:	Path = 'C:\Users\ryan\AppData\Local\Temp\tmp506D.tmp\CRB15000_5_95/Products/abb.robotics.robotos', manifestfile = 'abb.robotics.robotos.rmf'.
24-03-18  20:07:49	C:\a\6\s\DpManager\DpManagerSysInstall.cpp,1823,[INFO]:	Path = 'C:\Users\ryan\AppData\Local\Temp\tmp506D.tmp\CRB15000_5_95/Products/abb.robotics.robotcontrol', manifestfile = 'abb.robotics.robotcontrol.rmf'.
24-03-18  20:07:49	C:\a\6\s\DpManager\DpManagerSysInstall.cpp,1823,[INFO]:	Path = 'C:\Users\ryan\AppData\Local\Temp\tmp506D.tmp\CRB15000_5_95/Products/abb.robotics.flexpendantapps', manifestfile = 'abb.robotics.flexpendantapps.rmf'.
24-03-18  20:07:49	C:\a\6\s\DpManager\DpManagerSysInstall.cpp,1823,[INFO]:	Path = 'C:\Users\ryan\AppData\Local\Temp\tmp506D.tmp\CRB15000_5_95/Products/abb.robotics.robots', manifestfile = 'abb.robotics.robots.rmf'.
24-03-18  20:07:49	C:\a\6\s\DpManager\DpManagerSysInstall.cpp,1823,[INFO]:	Path = 'C:\Users\ryan\AppData\Local\Temp\tmp506D.tmp\CRB15000_5_95/Products/abb.cn.robotics.wizard', manifestfile = 'abb.cn.robotics.wizard_1.5.2.rmf'.
24-03-18  20:07:49	C:\a\6\s\DpManager\DpManagerSystemCommon.cpp,842,[INFO]:	versionMin Major value: 1
24-03-18  20:07:49	C:\a\6\s\DpManager\DpManagerSystemCommon.cpp,865,[INFO]:	New dependency: RobotWareInstallationUtilities, min:1.12.0, max:1.99999999.99999999.
24-03-18  20:07:49	C:\a\6\s\DpManager\DpManagerSystemCommon.cpp,842,[INFO]:	versionMin Major value: 10
24-03-18  20:07:49	C:\a\6\s\DpManager\DpManagerSystemCommon.cpp,865,[INFO]:	New dependency: RobotOS, min:10.0.0, max:10.99999999.99999999.
24-03-18  20:07:49	C:\a\6\s\DpManager\DpManagerSystemCommon.cpp,842,[INFO]:	versionMin Major value: 1
24-03-18  20:07:49	C:\a\6\s\DpManager\DpManagerSystemCommon.cpp,865,[INFO]:	New dependency: RobotWareInstallationUtilities, min:1.12.0, max:1.99999999.99999999.
24-03-18  20:07:51	C:\a\6\s\DpManager\DpManagerSystemCommon.cpp,796,[INFO]:	Using default hwplatform for AddIns: '*'.
24-03-18  20:07:51	C:\a\6\s\DpManager\DpManagerSystemCommon.cpp,842,[INFO]:	versionMin Major value: 7
24-03-18  20:07:51	C:\a\6\s\DpManager\DpManagerSystemCommon.cpp,865,[INFO]:	New dependency: RobotControl, min:7.0.0-299.Internal, max:7.99999999.99999999.
24-03-18  20:07:51	C:\a\6\s\DpManager\DpManagerSystemCommon.cpp,796,[INFO]:	Using default hwplatform for AddIns: '*'.
24-03-18  20:07:51	C:\a\6\s\DpManager\DpManagerSystemCommon.cpp,842,[INFO]:	versionMin Major value: 7
24-03-18  20:07:51	C:\a\6\s\DpManager\DpManagerSystemCommon.cpp,865,[INFO]:	New dependency: RobotControl, min:7.1.0-225.Internal, max:7.99999999.99999999.
24-03-18  20:07:53	C:\a\6\s\DpManager\DpManagerSystemCommon.cpp,796,[INFO]:	Using default hwplatform for AddIns: '*'.
24-03-18  20:07:53	C:\a\6\s\DpManager\DpManagerSystemCommon.cpp,811,[INFO]:	No <Dependecy> found in product 'Wizard' in file 'abb.cn.robotics.wizard_1.5.2.rmf'.
24-03-18  20:08:01	C:\a\5\s\ControllerManagerUtility\ControllerManagerUtility.cpp,657,[INFO]:	'E:/ryan/Documents/RobotStudio/Projects/Capstone/Virtual Controllers/CRB15000_5_95/internal/temp/INSTALLTEMP/LICENSE/virtual.abb.robotics.robotcontrol.rlf' is not encrypted. 
24-03-18  20:08:01	C:\a\5\s\ControllerManagerUtility\ControllerManagerUtility.cpp,657,[INFO]:	'E:/ryan/Documents/RobotStudio/Projects/Capstone/Virtual Controllers/CRB15000_5_95/internal/temp/INSTALLTEMP/LICENSE/virtual.abb.robotics.robotcontrol.rlf' is not encrypted. 
24-03-18  20:08:01	C:\a\6\s\DpManager\DpManagerUtility.cpp,749,[INFO]:	Validate manifest 'C:\Users\ryan\AppData\Local\Temp\tmp506D.tmp\CRB15000_5_95/Products/abb.robotics.robotos/abb.robotics.robotos.rmf'
24-03-18  20:08:01	C:\a\6\s\DpManager\DpManagerUtility.cpp,812,[INFO]:	Validate all .rpk files.
24-03-18  20:08:01	C:\a\6\s\DpManager\DpManagerUtility.cpp,749,[INFO]:	Validate manifest 'C:\Users\ryan\AppData\Local\Temp\tmp506D.tmp\CRB15000_5_95/Products/abb.robotics.robotcontrol/abb.robotics.robotcontrol.rmf'
24-03-18  20:08:01	C:\a\6\s\DpManager\DpManagerUtility.cpp,812,[INFO]:	Validate all .rpk files.
24-03-18  20:08:02	C:\a\6\s\DpManager\DpManagerUtility.cpp,749,[INFO]:	Validate manifest 'C:\Users\ryan\AppData\Local\Temp\tmp506D.tmp\CRB15000_5_95/Products/abb.robotics.flexpendantapps/abb.robotics.flexpendantapps.rmf'
24-03-18  20:08:02	C:\a\6\s\DpManager\DpManagerUtility.cpp,812,[INFO]:	Validate all .rpk files.
24-03-18  20:08:02	C:\a\6\s\DpManager\DpManagerUtility.cpp,749,[INFO]:	Validate manifest 'C:\Users\ryan\AppData\Local\Temp\tmp506D.tmp\CRB15000_5_95/Products/abb.robotics.robots/abb.robotics.robots.rmf'
24-03-18  20:08:02	C:\a\6\s\DpManager\DpManagerUtility.cpp,812,[INFO]:	Validate all .rpk files.
24-03-18  20:08:02	C:\a\6\s\DpManager\DpManagerUtility.cpp,749,[INFO]:	Validate manifest 'C:\Users\ryan\AppData\Local\Temp\tmp506D.tmp\CRB15000_5_95/Products/abb.cn.robotics.wizard/abb.cn.robotics.wizard_1.5.2.rmf'
24-03-18  20:08:02	C:\a\6\s\DpManager\DpManagerUtility.cpp,812,[INFO]:	Validate all .rpk files.
24-03-18  20:08:02	C:\a\6\s\DpManager\DpManagerRWI.cpp,636,[INFO]:	Current RWI versionName: '1.12.0'
24-03-18  20:08:02	C:\a\6\s\DpManager\DpManagerRWI.cpp,647,[INFO]:	Current RWI version detail '1.12.0+123'
24-03-18  20:08:02	C:\a\6\s\DpManager\DpManagerRWI.cpp,636,[INFO]:	Current RWI versionName: '1.12.0'
24-03-18  20:08:02	C:\a\6\s\DpManager\DpManagerRWI.cpp,647,[INFO]:	Current RWI version detail '1.12.0+123'
24-03-18  20:08:02	C:\a\6\s\DpManager\DpManagerSystemCommon.cpp,1630,[INFO]:	Product HW platform compatibility check done.
24-03-18  20:08:02	C:\a\6\s\DpManager\DpManagerSystemCommon.cpp,167,[INFO]:	Starting resolve dependencies. Current platform is 'vc', nr of products is 5.
24-03-18  20:08:02	C:\a\6\s\DpManager\DpManagerSystemCommon.cpp,215,[INFO]:	Added RobotOS, version '10.0.1+456'. Number of products left is 4.
24-03-18  20:08:02	C:\a\6\s\DpManager\DpManagerSystemCommon.cpp,255,[INFO]:	Dependency check to RobotOS.
24-03-18  20:08:02	C:\a\6\s\DpManager\DpManagerSystemCommon.cpp,330,[INFO]:	Add product RobotControl. Nr of products left is 3.
24-03-18  20:08:02	C:\a\6\s\DpManager\DpManagerSystemCommon.cpp,341,[INFO]:	Add all products that have only one dependency and it is RobotControl.
24-03-18  20:08:02	C:\a\6\s\DpManager\DpManagerSystemCommon.cpp,358,[INFO]:	Only dependency on RobotControl. Add product 'Robots' to the sorted List.
24-03-18  20:08:02	C:\a\6\s\DpManager\DpManagerSystemCommon.cpp,358,[INFO]:	Only dependency on RobotControl. Add product 'FlexPendantSoftwareUpdate' to the sorted List.
24-03-18  20:08:02	C:\a\6\s\DpManager\DpManagerSystemCommon.cpp,376,[INFO]:	Check dependency loop 0 starts, nr of products to solve dependency is 1.
24-03-18  20:08:02	C:\a\6\s\DpManager\DpManagerSystemCommon.cpp,431,[INFO]:	Add product 'Wizard' to the sorted List.
24-03-18  20:08:02	C:\a\6\s\DpManager\DpManagerSystemCommon.cpp,371,[INFO]:	No more products left to check dependency.
24-03-18  20:08:02	C:\a\6\s\DpManager\DpManagerSystemCommon.cpp,478,[INFO]:	Done resolving dependencies, status = 0.
24-03-18  20:08:02	C:\a\6\s\DpManager\DpManagerSysInstall.cpp,1094,[INFO]:	Product root dir path 'C:/Users/ryan/AppData/Local/ABB/RobotWare'.
24-03-18  20:08:02	C:\a\6\s\DpManager\DpManagerSysInstall.cpp,1115,[INFO]:	Install product 'RobotOS' to 'C:/Users/ryan/AppData/Local/ABB/RobotWare/RobotOS_10.0.1'.
24-03-18  20:08:02	C:\a\6\s\DpManager\DpManagerSysInstall.cpp,1131,[INFO]:	Product 'RobotOS' is already installed.
24-03-18  20:08:02	C:\a\6\s\DpManager\DpManagerSysInstall.cpp,1115,[INFO]:	Install product 'RobotControl' to 'C:/Users/ryan/AppData/Local/ABB/RobotWare/RobotControl_7.12.0'.
24-03-18  20:08:02	C:\a\6\s\DpManager\DpManagerSysInstall.cpp,1131,[INFO]:	Product 'RobotControl' is already installed.
24-03-18  20:08:02	C:\a\6\s\DpManager\DpManagerSysInstall.cpp,1115,[INFO]:	Install product 'Robots' to 'C:/Users/ryan/AppData/Local/ABB/RobotWare/Robots_1.12.0'.
24-03-18  20:08:02	C:\a\6\s\DpManager\DpManagerSysInstall.cpp,1131,[INFO]:	Product 'Robots' is already installed.
24-03-18  20:08:02	C:\a\6\s\DpManager\DpManagerSysInstall.cpp,1115,[INFO]:	Install product 'FlexPendantSoftwareUpdate' to 'C:/Users/ryan/AppData/Local/ABB/RobotWare/FlexPendant/Apps_1.13.0'.
24-03-18  20:08:02	C:\a\6\s\DpManager\DpManagerSysInstall.cpp,1131,[INFO]:	Product 'FlexPendantSoftwareUpdate' is already installed.
24-03-18  20:08:02	C:\a\6\s\DpManager\DpManagerSysInstall.cpp,1115,[INFO]:	Install product 'Wizard' to 'C:/Users/ryan/AppData/Local/ABB/RobotWare/Wizard_1.5.2'.
24-03-18  20:08:02	C:\a\6\s\DpManager\DpManagerSysInstall.cpp,1131,[INFO]:	Product 'Wizard' is already installed.
24-03-18  20:08:02	C:\a\6\s\DpManager\DpManagerSysInstall.cpp,1858,[INFO]:	Write return message to file 'E:/ryan/Documents/RobotStudio/Projects/Capstone/Virtual Controllers/CRB15000_5_95/internal/inbox/message'.
24-03-18  20:08:02	C:\a\6\s\DpManager\DpManagerUtility.cpp,1519,[INFO]:	Get boot info for 'VC' platform...
24-03-18  20:08:02	C:\a\6\s\DpManager\DpManagerUtility.cpp,1474,[INFO]:	Got '/VCImage' from the common section: S27.01/bin/s27.01.dll.
24-03-18  20:08:02	C:\a\6\s\DpManager\DpManagerSystemCommon.cpp,2095,[INFO]:	S27 OS image path from boot info: C:/Users/ryan/AppData/Local/ABB/RobotWare/RobotOS_10.0.1/S27.01/bin/s27.01.dll.
24-03-18  20:08:02	C:\a\6\s\DpManager\DpManagerSysInstall.cpp,1347,[INFO]:	Installation has been finished, status = 0.
24-03-18  20:08:02	C:\a\6\s\DpManager\DpManagerSysInstall.cpp,1348,[INFO]:	Clean up the temporary files.
24-03-18  20:08:02	C:\a\6\s\VCInstaller\VCInstaller.cpp,559,[INFO]:	No HW settings file used.
#######  Log open at 24-03-18  20:08:03 Eastern Daylight Time -0400 #######
24-03-18  20:08:03	C:\a\6\s\DpManager\DpManagerRWI.cpp,636,[INFO]:	Current RWI versionName: '1.12.0'
24-03-18  20:08:03	C:\a\6\s\DpManager\DpManagerRWI.cpp,647,[INFO]:	Current RWI version detail '1.12.0+123'
24-03-18  20:08:03	C:\a\6\s\Startup\Startup.cpp,778,[INFO]:	Current RWI: 1.12.0+123, 1.12.0, 64-bit
24-03-18  20:08:03	C:\a\6\s\Startup\Startup.cpp,795,[INFO]:	Controller Id: 
24-03-18  20:08:03	C:\a\6\s\Startup\Startup.cpp,797,[INFO]:	Controller Name: CRB15000_5_95
24-03-18  20:08:03	C:\a\6\s\VCInstaller\VCInstaller.cpp,873,[INFO]:	Exported system information files to location C:\Users\ryan\AppData\Local\Temp\robotics\afe3a467\system-files.
#######  Log open at 24-03-25  10:19:08 Eastern Daylight Time -0400 #######
24-03-25  10:19:08	C:\a\6\s\DpManager\DpManagerRWI.cpp,636,[INFO]:	Current RWI versionName: '1.12.0'
24-03-25  10:19:08	C:\a\6\s\DpManager\DpManagerRWI.cpp,647,[INFO]:	Current RWI version detail '1.12.0+123'
24-03-25  10:19:08	C:\a\6\s\Startup\Startup.cpp,778,[INFO]:	Current RWI: 1.12.0+123, 1.12.0, 64-bit
24-03-25  10:19:08	C:\a\6\s\Startup\Startup.cpp,795,[INFO]:	Controller Id: 
24-03-25  10:19:08	C:\a\6\s\Startup\Startup.cpp,797,[INFO]:	Controller Name: CRB15000_5_95
24-03-25  10:19:08	C:\a\6\s\DpManager\DpManagerSysInstall.cpp,854,[INFO]:	Starting SystemInstallImp::InitInstallation()...
24-03-25  10:19:08	C:\a\6\s\DpManager\DpManagerSystemCommon.cpp,1699,[INFO]:	Package version check for HW Platform completed. No problem found. current HWPlatform: vc, required pkg ver = 1 
24-03-25  10:19:08	C:\a\6\s\DpManager\DpManagerSysInstall.cpp,706,[INFO]:	Installation type 3, m_ctrl = '', rootPath = C:\Users\ryan\AppData\Local\Temp\tmpBEBF.tmp\CRB15000_5_95, systemPath = 'C:\Users\ryan\AppData\Local\Temp\tmpBEBF.tmp\CRB15000_5_95/Systems/CRB15000_5_95'.
24-03-25  10:19:08	C:\a\6\s\LicenseManager\LicenseManager.cpp,660,[INFO]:	File 'virtual.abb.cn.robotics.wizard_1.5.2.rlf' already exists. Delete the existing one.
24-03-25  10:19:09	C:\a\5\s\ControllerManagerUtility\ControllerManagerUtility.cpp,657,[INFO]:	'E:/ryan/Documents/workspace/python/capstone/robot/Virtual Controllers/CRB15000_5_95/internal/temp/INSTALLTEMP/LICENSE/virtual.abb.robotics.robotcontrol.rlf' is not encrypted. 
24-03-25  10:19:09	C:\a\5\s\ControllerManagerUtility\ControllerManagerUtility.cpp,657,[INFO]:	'E:/ryan/Documents/workspace/python/capstone/robot/Virtual Controllers/CRB15000_5_95/internal/temp/INSTALLTEMP/LICENSE/virtual.abb.robotics.robotcontrol.rlf' is not encrypted. 
24-03-25  10:19:09	C:\a\6\s\LicenseManager\LicenseManager.cpp,681,[INFO]:	Validate file 'virtual.abb.cn.robotics.wizard_1.5.2.rlf'
24-03-25  10:19:09	C:\a\6\s\LicenseManager\LicenseManager.cpp,660,[INFO]:	File 'virtual.abb.robotics.robotcontrol.rlf' already exists. Delete the existing one.
24-03-25  10:19:09	C:\a\6\s\LicenseManager\LicenseManager.cpp,681,[INFO]:	Validate file 'virtual.abb.robotics.robotcontrol.rlf'
24-03-25  10:19:09	C:\a\5\s\ControllerManagerUtility\ControllerManagerUtility.cpp,657,[INFO]:	'C:/Users/ryan/AppData/Local/Temp/tmpBEBF.tmp/CRB15000_5_95/Licenses/virtual.abb.robotics.robotcontrol.rlf' is not encrypted. 
24-03-25  10:19:09	C:\a\6\s\LicenseManager\LicenseManager.cpp,660,[INFO]:	File 'virtual.abb.robotics.robots.rlf' already exists. Delete the existing one.
24-03-25  10:19:09	C:\a\5\s\ControllerManagerUtility\ControllerManagerUtility.cpp,657,[INFO]:	'E:/ryan/Documents/workspace/python/capstone/robot/Virtual Controllers/CRB15000_5_95/internal/temp/INSTALLTEMP/LICENSE/virtual.abb.robotics.robotcontrol.rlf' is not encrypted. 
24-03-25  10:19:09	C:\a\5\s\ControllerManagerUtility\ControllerManagerUtility.cpp,657,[INFO]:	'E:/ryan/Documents/workspace/python/capstone/robot/Virtual Controllers/CRB15000_5_95/internal/temp/INSTALLTEMP/LICENSE/virtual.abb.robotics.robotcontrol.rlf' is not encrypted. 
24-03-25  10:19:09	C:\a\6\s\LicenseManager\LicenseManager.cpp,681,[INFO]:	Validate file 'virtual.abb.robotics.robots.rlf'
24-03-25  10:19:09	C:\a\6\s\DpManager\DpManagerSystemCommon.cpp,1305,[INFO]:	Reading content in file path 'C:\Users\ryan\AppData\Local\Temp\tmpBEBF.tmp\CRB15000_5_95/Systems/CRB15000_5_95/controller.rsf'.
24-03-25  10:19:09	C:\a\6\s\DpManager\DpManagerSysInstall.cpp,1823,[INFO]:	Path = 'C:\Users\ryan\AppData\Local\Temp\tmpBEBF.tmp\CRB15000_5_95/Products/abb.robotics.robotos', manifestfile = 'abb.robotics.robotos.rmf'.
24-03-25  10:19:09	C:\a\6\s\DpManager\DpManagerSysInstall.cpp,1823,[INFO]:	Path = 'C:\Users\ryan\AppData\Local\Temp\tmpBEBF.tmp\CRB15000_5_95/Products/abb.robotics.robotcontrol', manifestfile = 'abb.robotics.robotcontrol.rmf'.
24-03-25  10:19:09	C:\a\6\s\DpManager\DpManagerSysInstall.cpp,1823,[INFO]:	Path = 'C:\Users\ryan\AppData\Local\Temp\tmpBEBF.tmp\CRB15000_5_95/Products/abb.robotics.robots', manifestfile = 'abb.robotics.robots.rmf'.
24-03-25  10:19:09	C:\a\6\s\DpManager\DpManagerSysInstall.cpp,1823,[INFO]:	Path = 'C:\Users\ryan\AppData\Local\Temp\tmpBEBF.tmp\CRB15000_5_95/Products/abb.cn.robotics.wizard', manifestfile = 'abb.cn.robotics.wizard_1.5.2.rmf'.
24-03-25  10:19:09	C:\a\6\s\DpManager\DpManagerSystemCommon.cpp,842,[INFO]:	versionMin Major value: 1
24-03-25  10:19:09	C:\a\6\s\DpManager\DpManagerSystemCommon.cpp,865,[INFO]:	New dependency: RobotWareInstallationUtilities, min:1.12.0, max:1.99999999.99999999.
24-03-25  10:19:09	C:\a\6\s\DpManager\DpManagerSystemCommon.cpp,842,[INFO]:	versionMin Major value: 10
24-03-25  10:19:09	C:\a\6\s\DpManager\DpManagerSystemCommon.cpp,865,[INFO]:	New dependency: RobotOS, min:10.0.0, max:10.99999999.99999999.
24-03-25  10:19:09	C:\a\6\s\DpManager\DpManagerSystemCommon.cpp,842,[INFO]:	versionMin Major value: 1
24-03-25  10:19:09	C:\a\6\s\DpManager\DpManagerSystemCommon.cpp,865,[INFO]:	New dependency: RobotWareInstallationUtilities, min:1.12.0, max:1.99999999.99999999.
24-03-25  10:19:11	C:\a\6\s\DpManager\DpManagerSystemCommon.cpp,796,[INFO]:	Using default hwplatform for AddIns: '*'.
24-03-25  10:19:11	C:\a\6\s\DpManager\DpManagerSystemCommon.cpp,842,[INFO]:	versionMin Major value: 7
24-03-25  10:19:11	C:\a\6\s\DpManager\DpManagerSystemCommon.cpp,865,[INFO]:	New dependency: RobotControl, min:7.1.0-225.Internal, max:7.99999999.99999999.
24-03-25  10:19:12	C:\a\6\s\DpManager\DpManagerSystemCommon.cpp,796,[INFO]:	Using default hwplatform for AddIns: '*'.
24-03-25  10:19:12	C:\a\6\s\DpManager\DpManagerSystemCommon.cpp,811,[INFO]:	No <Dependecy> found in product 'Wizard' in file 'abb.cn.robotics.wizard_1.5.2.rmf'.
24-03-25  10:19:21	C:\a\5\s\ControllerManagerUtility\ControllerManagerUtility.cpp,657,[INFO]:	'E:/ryan/Documents/workspace/python/capstone/robot/Virtual Controllers/CRB15000_5_95/internal/temp/INSTALLTEMP/LICENSE/virtual.abb.robotics.robotcontrol.rlf' is not encrypted. 
24-03-25  10:19:21	C:\a\5\s\ControllerManagerUtility\ControllerManagerUtility.cpp,657,[INFO]:	'E:/ryan/Documents/workspace/python/capstone/robot/Virtual Controllers/CRB15000_5_95/internal/temp/INSTALLTEMP/LICENSE/virtual.abb.robotics.robotcontrol.rlf' is not encrypted. 
24-03-25  10:19:21	C:\a\6\s\DpManager\DpManagerUtility.cpp,749,[INFO]:	Validate manifest 'C:\Users\ryan\AppData\Local\Temp\tmpBEBF.tmp\CRB15000_5_95/Products/abb.robotics.robotos/abb.robotics.robotos.rmf'
24-03-25  10:19:21	C:\a\6\s\DpManager\DpManagerUtility.cpp,812,[INFO]:	Validate all .rpk files.
24-03-25  10:19:21	C:\a\6\s\DpManager\DpManagerUtility.cpp,749,[INFO]:	Validate manifest 'C:\Users\ryan\AppData\Local\Temp\tmpBEBF.tmp\CRB15000_5_95/Products/abb.robotics.robotcontrol/abb.robotics.robotcontrol.rmf'
24-03-25  10:19:21	C:\a\6\s\DpManager\DpManagerUtility.cpp,812,[INFO]:	Validate all .rpk files.
24-03-25  10:19:21	C:\a\6\s\DpManager\DpManagerUtility.cpp,749,[INFO]:	Validate manifest 'C:\Users\ryan\AppData\Local\Temp\tmpBEBF.tmp\CRB15000_5_95/Products/abb.robotics.robots/abb.robotics.robots.rmf'
24-03-25  10:19:21	C:\a\6\s\DpManager\DpManagerUtility.cpp,812,[INFO]:	Validate all .rpk files.
24-03-25  10:19:22	C:\a\6\s\DpManager\DpManagerUtility.cpp,749,[INFO]:	Validate manifest 'C:\Users\ryan\AppData\Local\Temp\tmpBEBF.tmp\CRB15000_5_95/Products/abb.cn.robotics.wizard/abb.cn.robotics.wizard_1.5.2.rmf'
24-03-25  10:19:22	C:\a\6\s\DpManager\DpManagerUtility.cpp,812,[INFO]:	Validate all .rpk files.
24-03-25  10:19:22	C:\a\6\s\DpManager\DpManagerRWI.cpp,636,[INFO]:	Current RWI versionName: '1.12.0'
24-03-25  10:19:22	C:\a\6\s\DpManager\DpManagerRWI.cpp,647,[INFO]:	Current RWI version detail '1.12.0+123'
24-03-25  10:19:22	C:\a\6\s\DpManager\DpManagerRWI.cpp,636,[INFO]:	Current RWI versionName: '1.12.0'
24-03-25  10:19:22	C:\a\6\s\DpManager\DpManagerRWI.cpp,647,[INFO]:	Current RWI version detail '1.12.0+123'
24-03-25  10:19:22	C:\a\6\s\DpManager\DpManagerSystemCommon.cpp,1630,[INFO]:	Product HW platform compatibility check done.
24-03-25  10:19:22	C:\a\6\s\DpManager\DpManagerSystemCommon.cpp,167,[INFO]:	Starting resolve dependencies. Current platform is 'vc', nr of products is 4.
24-03-25  10:19:22	C:\a\6\s\DpManager\DpManagerSystemCommon.cpp,215,[INFO]:	Added RobotOS, version '10.0.1+456'. Number of products left is 3.
24-03-25  10:19:22	C:\a\6\s\DpManager\DpManagerSystemCommon.cpp,255,[INFO]:	Dependency check to RobotOS.
24-03-25  10:19:22	C:\a\6\s\DpManager\DpManagerSystemCommon.cpp,330,[INFO]:	Add product RobotControl. Nr of products left is 2.
24-03-25  10:19:22	C:\a\6\s\DpManager\DpManagerSystemCommon.cpp,341,[INFO]:	Add all products that have only one dependency and it is RobotControl.
24-03-25  10:19:22	C:\a\6\s\DpManager\DpManagerSystemCommon.cpp,358,[INFO]:	Only dependency on RobotControl. Add product 'Robots' to the sorted List.
24-03-25  10:19:22	C:\a\6\s\DpManager\DpManagerSystemCommon.cpp,376,[INFO]:	Check dependency loop 0 starts, nr of products to solve dependency is 1.
24-03-25  10:19:22	C:\a\6\s\DpManager\DpManagerSystemCommon.cpp,431,[INFO]:	Add product 'Wizard' to the sorted List.
24-03-25  10:19:22	C:\a\6\s\DpManager\DpManagerSystemCommon.cpp,371,[INFO]:	No more products left to check dependency.
24-03-25  10:19:22	C:\a\6\s\DpManager\DpManagerSystemCommon.cpp,478,[INFO]:	Done resolving dependencies, status = 0.
24-03-25  10:19:22	C:\a\6\s\DpManager\DpManagerSysInstall.cpp,1094,[INFO]:	Product root dir path 'C:/Users/ryan/AppData/Local/ABB/RobotWare'.
24-03-25  10:19:22	C:\a\6\s\DpManager\DpManagerSysInstall.cpp,1115,[INFO]:	Install product 'RobotOS' to 'C:/Users/ryan/AppData/Local/ABB/RobotWare/RobotOS_10.0.1'.
24-03-25  10:19:22	C:\a\6\s\DpManager\DpManagerSysInstall.cpp,1131,[INFO]:	Product 'RobotOS' is already installed.
24-03-25  10:19:22	C:\a\6\s\DpManager\DpManagerSysInstall.cpp,1115,[INFO]:	Install product 'RobotControl' to 'C:/Users/ryan/AppData/Local/ABB/RobotWare/RobotControl_7.12.0'.
24-03-25  10:19:22	C:\a\6\s\DpManager\DpManagerSysInstall.cpp,1131,[INFO]:	Product 'RobotControl' is already installed.
24-03-25  10:19:22	C:\a\6\s\DpManager\DpManagerSysInstall.cpp,1115,[INFO]:	Install product 'Robots' to 'C:/Users/ryan/AppData/Local/ABB/RobotWare/Robots_1.12.0'.
24-03-25  10:19:22	C:\a\6\s\DpManager\DpManagerSysInstall.cpp,1131,[INFO]:	Product 'Robots' is already installed.
24-03-25  10:19:22	C:\a\6\s\DpManager\DpManagerSysInstall.cpp,1115,[INFO]:	Install product 'Wizard' to 'C:/Users/ryan/AppData/Local/ABB/RobotWare/Wizard_1.5.2'.
24-03-25  10:19:22	C:\a\6\s\DpManager\DpManagerSysInstall.cpp,1131,[INFO]:	Product 'Wizard' is already installed.
24-03-25  10:19:22	C:\a\6\s\DpManager\DpManagerSysInstall.cpp,1858,[INFO]:	Write return message to file 'E:/ryan/Documents/workspace/python/capstone/robot/Virtual Controllers/CRB15000_5_95/internal/inbox/message'.
24-03-25  10:19:22	C:\a\6\s\DpManager\DpManagerUtility.cpp,1519,[INFO]:	Get boot info for 'VC' platform...
24-03-25  10:19:22	C:\a\6\s\DpManager\DpManagerUtility.cpp,1474,[INFO]:	Got '/VCImage' from the common section: S27.01/bin/s27.01.dll.
24-03-25  10:19:22	C:\a\6\s\DpManager\DpManagerSystemCommon.cpp,2095,[INFO]:	S27 OS image path from boot info: C:/Users/ryan/AppData/Local/ABB/RobotWare/RobotOS_10.0.1/S27.01/bin/s27.01.dll.
24-03-25  10:19:22	C:\a\6\s\DpManager\DpManagerSysInstall.cpp,1347,[INFO]:	Installation has been finished, status = 0.
24-03-25  10:19:22	C:\a\6\s\DpManager\DpManagerSysInstall.cpp,1348,[INFO]:	Clean up the temporary files.
24-03-25  10:19:22	C:\a\6\s\VCInstaller\VCInstaller.cpp,559,[INFO]:	No HW settings file used.
